<?xml version="1.0" encoding="UTF-8"?>
<!-- Generated by org.testng.reporters.JUnitReportReporter -->
<testsuite skipped="0" hostname="Winda" name="Tugas4.Tugas4Test" tests="1" failures="0" timestamp="13 Mei 2022 12:03:37 GMT" time="11.070" errors="0">
  <testcase name="searchByKeyword" time="11.070" classname="Tugas4.Tugas4Test"/>
</testsuite> <!-- Tugas4.Tugas4Test -->
