<?xml version="1.0" encoding="UTF-8"?>
<!-- Generated by org.testng.reporters.JUnitReportReporter -->
<testsuite skipped="0" hostname="Winda" name="Tugas3.Tugas3" tests="4" failures="0" timestamp="13 Mei 2022 11:51:59 GMT" time="26.027" errors="0">
  <testcase name="loginToWebNotClickingLoginButton" time="5.320" classname="Tugas3.Tugas3"/>
  <testcase name="loginInvalidPassword" time="6.681" classname="Tugas3.Tugas3"/>
  <testcase name="loginToWebAndSuccess" time="5.688" classname="Tugas3.Tugas3"/>
  <testcase name="loginInvalidUsername" time="8.338" classname="Tugas3.Tugas3"/>
</testsuite> <!-- Tugas3.Tugas3 -->
